<?xml version="1.0" encoding="utf-8"?><testsuites name="pytest tests"><testsuite name="pytest" errors="0" failures="0" skipped="0" tests="15" time="14.843" timestamp="2026-06-24T17:24:18.053041+00:00" hostname="agent-env-a2482ba8-6e71-4b12-a0fb-473cf8b64b78"><testcase classname="backend.tests.test_hacktrack.TestBasics" name="test_root" time="0.146" /><testcase classname="backend.tests.test_hacktrack.TestBasics" name="test_stats" time="0.053" /><testcase classname="backend.tests.test_hacktrack.TestBasics" name="test_companies" time="0.043" /><testcase classname="backend.tests.test_hacktrack.TestBasics" name="test_resources" time="0.067" /><testcase classname="backend.tests.test_hacktrack.TestHackathons" name="test_list_all" time="0.048" /><testcase classname="backend.tests.test_hacktrack.TestHackathons" name="test_filter_region_india" time="0.048" /><testcase classname="backend.tests.test_hacktrack.TestHackathons" name="test_filter_mode_online" time="0.048" /><testcase classname="backend.tests.test_hacktrack.TestHackathons" name="test_filter_status_open" time="0.045" /><testcase classname="backend.tests.test_hacktrack.TestHackathons" name="test_filter_company_myntra" time="0.044" /><testcase classname="backend.tests.test_hacktrack.TestHackathons" name="test_search_maverix" time="0.047" /><testcase classname="backend.tests.test_hacktrack.TestHackathons" name="test_get_single" time="0.047" /><testcase classname="backend.tests.test_hacktrack.TestHackathons" name="test_get_invalid_id_404" time="0.092" /><testcase classname="backend.tests.test_hacktrack.TestPrep" name="test_generate_prep" time="10.425" /><testcase classname="backend.tests.test_hacktrack.TestRefresh" name="test_refresh_kicks_off" time="0.044" /><testcase classname="backend.tests.test_hacktrack.TestChat" name="test_chat_stream_and_history" time="3.482" /></testsuite></testsuites>