<?xml version="1.0" encoding="utf-8"?><testsuites name="pytest tests"><testsuite name="pytest" errors="0" failures="0" skipped="0" tests="15" time="6.776" timestamp="2026-06-24T18:07:22.023684+00:00" hostname="agent-env-a2482ba8-6e71-4b12-a0fb-473cf8b64b78"><testcase classname="backend.tests.test_opportunityos.TestAuth" name="test_register_login_me_logout" time="1.340" /><testcase classname="backend.tests.test_opportunityos.TestBookmarks" name="test_toggle_and_list" time="0.514" /><testcase classname="backend.tests.test_opportunityos.TestBookmarks" name="test_unknown_id_404" time="0.045" /><testcase classname="backend.tests.test_opportunityos.TestBookmarks" name="test_unauthenticated_401" time="0.129" /><testcase classname="backend.tests.test_opportunityos.TestSkillsFeedNotify" name="test_set_skills" time="0.097" /><testcase classname="backend.tests.test_opportunityos.TestSkillsFeedNotify" name="test_feed_personalised" time="0.097" /><testcase classname="backend.tests.test_opportunityos.TestSkillsFeedNotify" name="test_feed_empty_skills" time="0.322" /><testcase classname="backend.tests.test_opportunityos.TestSkillsFeedNotify" name="test_notify_toggle" time="0.138" /><testcase classname="backend.tests.test_opportunityos.TestResume" name="test_resume_docx_upload_and_skill_extraction" time="3.339" /><testcase classname="backend.tests.test_opportunityos.TestResume" name="test_resume_reject_txt" time="0.126" /><testcase classname="backend.tests.test_opportunityos.TestResume" name="test_resume_reject_oversize" time="0.313" /><testcase classname="backend.tests.test_opportunityos.TestResume" name="test_resume_unauthenticated_401" time="0.095" /><testcase classname="backend.tests.test_opportunityos.TestICS" name="test_ics_calendar_format" time="0.051" /><testcase classname="backend.tests.test_opportunityos.TestICS" name="test_ics_unknown_404" time="0.045" /><testcase classname="backend.tests.test_opportunityos.TestSchedulerStartup" name="test_scheduler_log_present" time="0.002" /></testsuite></testsuites>